INFO:     Will watch for changes in these directories: ['/home/workspace']
INFO:     Uvicorn running on http://0.0.0.0:8000 (Press CTRL+C to quit)
INFO:     Started reloader process [152] using StatReload
INFO:     Started server process [154]
INFO:     Waiting for application startup.
INFO:     Application startup complete.
INFO:     172.20.0.1:45992 - "OPTIONS /price HTTP/1.1" 200 OK
INFO:     172.20.0.1:46022 - "OPTIONS /price HTTP/1.1" 200 OK
INFO:     172.20.0.1:46006 - "GET /services HTTP/1.1" 200 OK
INFO:     172.20.0.1:45978 - "POST /price HTTP/1.1" 404 Not Found
ERROR:    Exception in ASGI application
Traceback (most recent call last):
  File "/usr/local/lib/python3.13/site-packages/uvicorn/protocols/http/h11_impl.py", line 408, in run_asgi
    result = await app(  # type: ignore[func-returns-value]
             ^^^^^^^^^^^^^^^^^^^^^^^^^^^^^^^^^^^^^^^^^^^^^^
        self.scope, self.receive, self.send
        ^^^^^^^^^^^^^^^^^^^^^^^^^^^^^^^^^^^
    )
    ^
  File "/usr/local/lib/python3.13/site-packages/uvicorn/middleware/proxy_headers.py", line 84, in __call__
    return await self.app(scope, receive, send)
           ^^^^^^^^^^^^^^^^^^^^^^^^^^^^^^^^^^^^
  File "/usr/local/lib/python3.13/site-packages/fastapi/applications.py", line 1106, in __call__
    await super().__call__(scope, receive, send)
  File "/usr/local/lib/python3.13/site-packages/starlette/applications.py", line 122, in __call__
    await self.middleware_stack(scope, receive, send)
  File "/usr/local/lib/python3.13/site-packages/starlette/middleware/errors.py", line 184, in __call__
    raise exc
  File "/usr/local/lib/python3.13/site-packages/starlette/middleware/errors.py", line 162, in __call__
    await self.app(scope, receive, _send)
  File "/usr/local/lib/python3.13/site-packages/starlette/middleware/cors.py", line 91, in __call__
    await self.simple_response(scope, receive, send, request_headers=headers)
  File "/usr/local/lib/python3.13/site-packages/starlette/middleware/cors.py", line 146, in simple_response
    await self.app(scope, receive, send)
  File "/usr/local/lib/python3.13/site-packages/starlette/middleware/exceptions.py", line 79, in __call__
    raise exc
  File "/usr/local/lib/python3.13/site-packages/starlette/middleware/exceptions.py", line 68, in __call__
    await self.app(scope, receive, sender)
  File "/usr/local/lib/python3.13/site-packages/fastapi/middleware/asyncexitstack.py", line 20, in __call__
    raise e
  File "/usr/local/lib/python3.13/site-packages/fastapi/middleware/asyncexitstack.py", line 17, in __call__
    await self.app(scope, receive, send)
  File "/usr/local/lib/python3.13/site-packages/starlette/routing.py", line 718, in __call__
    await route.handle(scope, receive, send)
  File "/usr/local/lib/python3.13/site-packages/starlette/routing.py", line 276, in handle
    await self.app(scope, receive, send)
  File "/usr/local/lib/python3.13/site-packages/starlette/routing.py", line 66, in app
    response = await func(request)
               ^^^^^^^^^^^^^^^^^^^
  File "/usr/local/lib/python3.13/site-packages/fastapi/routing.py", line 274, in app
    raw_response = await run_endpoint_function(
                   ^^^^^^^^^^^^^^^^^^^^^^^^^^^^
        dependant=dependant, values=values, is_coroutine=is_coroutine
        ^^^^^^^^^^^^^^^^^^^^^^^^^^^^^^^^^^^^^^^^^^^^^^^^^^^^^^^^^^^^^
    )
    ^
  File "/usr/local/lib/python3.13/site-packages/fastapi/routing.py", line 193, in run_endpoint_function
    return await run_in_threadpool(dependant.call, **values)
           ^^^^^^^^^^^^^^^^^^^^^^^^^^^^^^^^^^^^^^^^^^^^^^^^^
  File "/usr/local/lib/python3.13/site-packages/starlette/concurrency.py", line 41, in run_in_threadpool
    return await anyio.to_thread.run_sync(func, *args)
           ^^^^^^^^^^^^^^^^^^^^^^^^^^^^^^^^^^^^^^^^^^^
  File "/usr/local/lib/python3.13/site-packages/anyio/to_thread.py", line 33, in run_sync
    return await get_asynclib().run_sync_in_worker_thread(
           ^^^^^^^^^^^^^^^^^^^^^^^^^^^^^^^^^^^^^^^^^^^^^^^
        func, *args, cancellable=cancellable, limiter=limiter
        ^^^^^^^^^^^^^^^^^^^^^^^^^^^^^^^^^^^^^^^^^^^^^^^^^^^^^
    )
    ^
  File "/usr/local/lib/python3.13/site-packages/anyio/_backends/_asyncio.py", line 877, in run_sync_in_worker_thread
    return await future
           ^^^^^^^^^^^^
  File "/usr/local/lib/python3.13/site-packages/anyio/_backends/_asyncio.py", line 807, in run
    result = context.run(func, *args)
  File "/home/workspace/main.py", line 114, in list_services
    return [Service(**{k: v for k, v in d.items() if k != "_id"}) for d in docs]
            ~~~~~~~^^^^^^^^^^^^^^^^^^^^^^^^^^^^^^^^^^^^^^^^^^^^^^
  File "/usr/local/lib/python3.13/site-packages/pydantic/main.py", line 250, in __init__
    validated_self = self.__pydantic_validator__.validate_python(data, self_instance=self)
pydantic_core._pydantic_core.ValidationError: 3 validation errors for Service
key
  Field required [type=missing, input_value={'_temp': True, 'createdA...system:collection-init'}, input_type=dict]
    For further information visit https://errors.pydantic.dev/2.12/v/missing
name
  Field required [type=missing, input_value={'_temp': True, 'createdA...system:collection-init'}, input_type=dict]
    For further information visit https://errors.pydantic.dev/2.12/v/missing
base_price
  Field required [type=missing, input_value={'_temp': True, 'createdA...system:collection-init'}, input_type=dict]
    For further information visit https://errors.pydantic.dev/2.12/v/missing
INFO:     172.20.0.1:46022 - "POST /price HTTP/1.1" 404 Not Found
INFO:     172.20.0.1:46022 - "GET /services HTTP/1.1" 200 OK
INFO:     172.20.0.1:46036 - "HEAD / HTTP/1.1" 405 Method Not Allowed
INFO:     172.20.0.1:46038 - "POST /price HTTP/1.1" 404 Not Found
INFO:     172.20.0.1:46048 - "GET /services HTTP/1.1" 200 OK
INFO:     172.20.0.1:46038 - "GET /services HTTP/1.1" 200 OK
INFO:     172.20.0.1:46038 - "GET /services HTTP/1.1" 200 OK
INFO:     172.20.0.1:54664 - "POST /price HTTP/1.1" 404 Not Found
INFO:     172.20.0.1:54676 - "POST /price HTTP/1.1" 404 Not Found
INFO:     172.20.0.1:54686 - "GET /services HTTP/1.1" 200 OK
INFO:     172.20.0.1:54686 - "GET /services HTTP/1.1" 200 OK
INFO:     172.20.0.1:54686 - "GET /services HTTP/1.1" 200 OK
INFO:     172.20.0.1:54686 - "GET /services HTTP/1.1" 200 OK
